# JRE version: OpenJDK Runtime Environment (17.0.6) (build 17.0.6+0-17.0.6b829.9-10027231)
# Java VM: OpenJDK 64-Bit Server VM (17.0.6+0-17.0.6b829.9-10027231, mixed mode, tiered, compressed oops, compressed class ptrs, g1 gc, bsd-aarch64)
GC Precious Log:
 CPUs: 10 total, 10 available
 Memory: 16384M
 Large Page Support: Disabled
 NUMA Support: Disabled
 Compressed Oops: Enabled (Zero based)
 Heap Region Size: 1M
 Heap Min Capacity: 8M
 Heap Initial Capacity: 256M
 Heap Max Capacity: 512M
 Pre-touch: Disabled
 Parallel Workers: 9
 Concurrent Workers: 2
 Concurrent Refinement Workers: 9
 Periodic GC: Disabled
Heap:
 garbage-first heap   total 40960K, used 19536K [0x00000007e0000000, 0x0000000800000000)
  region size 1024K, 9 young (9216K), 2 survivors (2048K)
 Metaspace       used 30055K, committed 30336K, reserved 1081344K
  class space    used 3934K, committed 4096K, reserved 1048576K
GC Heap History (14 events):
Event: 0.360 GC heap before
{Heap before GC invocations=0 (full 0):
 garbage-first heap   total 262144K, used 22528K [0x00000007e0000000, 0x0000000800000000)
  region size 1024K, 23 young (23552K), 0 survivors (0K)
 Metaspace       used 12510K, committed 12672K, reserved 1064960K
  class space    used 1459K, committed 1536K, reserved 1048576K
}
Event: 0.363 GC heap after
{Heap after GC invocations=1 (full 0):
 garbage-first heap   total 262144K, used 9042K [0x00000007e0000000, 0x0000000800000000)
  region size 1024K, 3 young (3072K), 3 survivors (3072K)
 Metaspace       used 12510K, committed 12672K, reserved 1064960K
  class space    used 1459K, committed 1536K, reserved 1048576K
}
Event: 0.681 GC heap before
{Heap before GC invocations=1 (full 0):
 garbage-first heap   total 262144K, used 30546K [0x00000007e0000000, 0x0000000800000000)
  region size 1024K, 23 young (23552K), 3 survivors (3072K)
 Metaspace       used 17567K, committed 17792K, reserved 1064960K
  class space    used 2011K, committed 2112K, reserved 1048576K
}
Event: 0.682 GC heap after
{Heap after GC invocations=2 (full 0):
 garbage-first heap   total 262144K, used 10287K [0x00000007e0000000, 0x0000000800000000)
  region size 1024K, 2 young (2048K), 2 survivors (2048K)
 Metaspace       used 17567K, committed 17792K, reserved 1064960K
  class space    used 2011K, committed 2112K, reserved 1048576K
}
Event: 0.786 GC heap before
{Heap before GC invocations=2 (full 0):
 garbage-first heap   total 262144K, used 35887K [0x00000007e0000000, 0x0000000800000000)
  region size 1024K, 28 young (28672K), 2 survivors (2048K)
 Metaspace       used 21357K, committed 21504K, reserved 1073152K
  class space    used 2516K, committed 2624K, reserved 1048576K
}
Event: 0.787 GC heap after
{Heap after GC invocations=3 (full 0):
 garbage-first heap   total 262144K, used 11264K [0x00000007e0000000, 0x0000000800000000)
  region size 1024K, 2 young (2048K), 2 survivors (2048K)
 Metaspace       used 21357K, committed 21504K, reserved 1073152K
  class space    used 2516K, committed 2624K, reserved 1048576K
}
Event: 0.889 GC heap before
{Heap before GC invocations=4 (full 0):
 garbage-first heap   total 40960K, used 30720K [0x00000007e0000000, 0x0000000800000000)
  region size 1024K, 22 young (22528K), 2 survivors (2048K)
 Metaspace       used 24485K, committed 24640K, reserved 1073152K
  class space    used 3073K, committed 3136K, reserved 1048576K
}
Event: 0.890 GC heap after
{Heap after GC invocations=5 (full 0):
 garbage-first heap   total 40960K, used 12288K [0x00000007e0000000, 0x0000000800000000)
  region size 1024K, 3 young (3072K), 3 survivors (3072K)
 Metaspace       used 24485K, committed 24640K, reserved 1073152K
  class space    used 3073K, committed 3136K, reserved 1048576K
}
Event: 0.896 GC heap before
{Heap before GC invocations=5 (full 0):
 garbage-first heap   total 40960K, used 12288K [0x00000007e0000000, 0x0000000800000000)
  region size 1024K, 4 young (4096K), 3 survivors (3072K)
 Metaspace       used 24697K, committed 24832K, reserved 1073152K
  class space    used 3120K, committed 3200K, reserved 1048576K
}
Event: 0.898 GC heap after
{Heap after GC invocations=6 (full 0):
 garbage-first heap   total 40960K, used 12425K [0x00000007e0000000, 0x0000000800000000)
  region size 1024K, 1 young (1024K), 1 survivors (1024K)
 Metaspace       used 24697K, committed 24832K, reserved 1073152K
  class space    used 3120K, committed 3200K, reserved 1048576K
}
Event: 1.017 GC heap before
{Heap before GC invocations=6 (full 0):
 garbage-first heap   total 40960K, used 27785K [0x00000007e0000000, 0x0000000800000000)
  region size 1024K, 16 young (16384K), 1 survivors (1024K)
 Metaspace       used 27063K, committed 27328K, reserved 1073152K
  class space    used 3563K, committed 3712K, reserved 1048576K
}
Event: 1.018 GC heap after
{Heap after GC invocations=7 (full 0):
 garbage-first heap   total 40960K, used 12465K [0x00000007e0000000, 0x0000000800000000)
  region size 1024K, 1 young (1024K), 1 survivors (1024K)
 Metaspace       used 27063K, committed 27328K, reserved 1073152K
  class space    used 3563K, committed 3712K, reserved 1048576K
}
Event: 1.102 GC heap before
{Heap before GC invocations=7 (full 0):
 garbage-first heap   total 40960K, used 27825K [0x00000007e0000000, 0x0000000800000000)
  region size 1024K, 17 young (17408K), 1 survivors (1024K)
 Metaspace       used 29167K, committed 29376K, reserved 1081344K
  class space    used 3828K, committed 3968K, reserved 1048576K
}
Event: 1.103 GC heap after
{Heap after GC invocations=8 (full 0):
 garbage-first heap   total 40960K, used 13392K [0x00000007e0000000, 0x0000000800000000)
  region size 1024K, 2 young (2048K), 2 survivors (2048K)
 Metaspace       used 29167K, committed 29376K, reserved 1081344K
  class space    used 3828K, committed 3968K, reserved 1048576K
}

