# JRE version: OpenJDK Runtime Environment (17.0.6) (build 17.0.6+0-17.0.6b829.9-10027231)
# Java VM: OpenJDK 64-Bit Server VM (17.0.6+0-17.0.6b829.9-10027231, mixed mode, tiered, compressed oops, compressed class ptrs, g1 gc, bsd-aarch64)
GC Precious Log:
 CPUs: 10 total, 10 available
 Memory: 16384M
 Large Page Support: Disabled
 NUMA Support: Disabled
 Compressed Oops: Enabled (Zero based)
 Heap Region Size: 1M
 Heap Min Capacity: 8M
 Heap Initial Capacity: 256M
 Heap Max Capacity: 512M
 Pre-touch: Disabled
 Parallel Workers: 9
 Concurrent Workers: 2
 Concurrent Refinement Workers: 9
 Periodic GC: Disabled
Heap:
 garbage-first heap   total 40960K, used 22522K [0x00000007e0000000, 0x0000000800000000)
  region size 1024K, 12 young (12288K), 2 survivors (2048K)
 Metaspace       used 30358K, committed 30656K, reserved 1081344K
  class space    used 3975K, committed 4096K, reserved 1048576K
GC Heap History (14 events):
Event: 0.381 GC heap before
{Heap before GC invocations=0 (full 0):
 garbage-first heap   total 262144K, used 22528K [0x00000007e0000000, 0x0000000800000000)
  region size 1024K, 23 young (23552K), 0 survivors (0K)
 Metaspace       used 12617K, committed 12800K, reserved 1064960K
  class space    used 1466K, committed 1536K, reserved 1048576K
}
Event: 0.383 GC heap after
{Heap after GC invocations=1 (full 0):
 garbage-first heap   total 262144K, used 9252K [0x00000007e0000000, 0x0000000800000000)
  region size 1024K, 3 young (3072K), 3 survivors (3072K)
 Metaspace       used 12617K, committed 12800K, reserved 1064960K
  class space    used 1466K, committed 1536K, reserved 1048576K
}
Event: 0.702 GC heap before
{Heap before GC invocations=1 (full 0):
 garbage-first heap   total 262144K, used 30756K [0x00000007e0000000, 0x0000000800000000)
  region size 1024K, 23 young (23552K), 3 survivors (3072K)
 Metaspace       used 17568K, committed 17792K, reserved 1064960K
  class space    used 2008K, committed 2112K, reserved 1048576K
}
Event: 0.704 GC heap after
{Heap after GC invocations=2 (full 0):
 garbage-first heap   total 262144K, used 10094K [0x00000007e0000000, 0x0000000800000000)
  region size 1024K, 1 young (1024K), 1 survivors (1024K)
 Metaspace       used 17568K, committed 17792K, reserved 1064960K
  class space    used 2008K, committed 2112K, reserved 1048576K
}
Event: 0.811 GC heap before
{Heap before GC invocations=2 (full 0):
 garbage-first heap   total 262144K, used 35694K [0x00000007e0000000, 0x0000000800000000)
  region size 1024K, 27 young (27648K), 1 survivors (1024K)
 Metaspace       used 21347K, committed 21504K, reserved 1073152K
  class space    used 2516K, committed 2624K, reserved 1048576K
}
Event: 0.812 GC heap after
{Heap after GC invocations=3 (full 0):
 garbage-first heap   total 262144K, used 10889K [0x00000007e0000000, 0x0000000800000000)
  region size 1024K, 2 young (2048K), 2 survivors (2048K)
 Metaspace       used 21347K, committed 21504K, reserved 1073152K
  class space    used 2516K, committed 2624K, reserved 1048576K
}
Event: 0.912 GC heap before
{Heap before GC invocations=4 (full 0):
 garbage-first heap   total 40960K, used 30345K [0x00000007e0000000, 0x0000000800000000)
  region size 1024K, 22 young (22528K), 2 survivors (2048K)
 Metaspace       used 24303K, committed 24448K, reserved 1073152K
  class space    used 3028K, committed 3072K, reserved 1048576K
}
Event: 0.913 GC heap after
{Heap after GC invocations=5 (full 0):
 garbage-first heap   total 40960K, used 12066K [0x00000007e0000000, 0x0000000800000000)
  region size 1024K, 3 young (3072K), 3 survivors (3072K)
 Metaspace       used 24303K, committed 24448K, reserved 1073152K
  class space    used 3028K, committed 3072K, reserved 1048576K
}
Event: 0.919 GC heap before
{Heap before GC invocations=5 (full 0):
 garbage-first heap   total 40960K, used 13090K [0x00000007e0000000, 0x0000000800000000)
  region size 1024K, 4 young (4096K), 3 survivors (3072K)
 Metaspace       used 24478K, committed 24640K, reserved 1073152K
  class space    used 3063K, committed 3136K, reserved 1048576K
}
Event: 0.921 GC heap after
{Heap after GC invocations=6 (full 0):
 garbage-first heap   total 40960K, used 12281K [0x00000007e0000000, 0x0000000800000000)
  region size 1024K, 1 young (1024K), 1 survivors (1024K)
 Metaspace       used 24478K, committed 24640K, reserved 1073152K
  class space    used 3063K, committed 3136K, reserved 1048576K
}
Event: 1.023 GC heap before
{Heap before GC invocations=6 (full 0):
 garbage-first heap   total 40960K, used 27641K [0x00000007e0000000, 0x0000000800000000)
  region size 1024K, 16 young (16384K), 1 survivors (1024K)
 Metaspace       used 26888K, committed 27136K, reserved 1073152K
  class space    used 3525K, committed 3648K, reserved 1048576K
}
Event: 1.024 GC heap after
{Heap after GC invocations=7 (full 0):
 garbage-first heap   total 40960K, used 12392K [0x00000007e0000000, 0x0000000800000000)
  region size 1024K, 1 young (1024K), 1 survivors (1024K)
 Metaspace       used 26888K, committed 27136K, reserved 1073152K
  class space    used 3525K, committed 3648K, reserved 1048576K
}
Event: 1.125 GC heap before
{Heap before GC invocations=7 (full 0):
 garbage-first heap   total 40960K, used 27752K [0x00000007e0000000, 0x0000000800000000)
  region size 1024K, 17 young (17408K), 1 survivors (1024K)
 Metaspace       used 29068K, committed 29248K, reserved 1081344K
  class space    used 3807K, committed 3904K, reserved 1048576K
}
Event: 1.125 GC heap after
{Heap after GC invocations=8 (full 0):
 garbage-first heap   total 40960K, used 13306K [0x00000007e0000000, 0x0000000800000000)
  region size 1024K, 2 young (2048K), 2 survivors (2048K)
 Metaspace       used 29068K, committed 29248K, reserved 1081344K
  class space    used 3807K, committed 3904K, reserved 1048576K
}

