# JRE version: OpenJDK Runtime Environment (17.0.6) (build 17.0.6+0-17.0.6b829.9-10027231)
# Java VM: OpenJDK 64-Bit Server VM (17.0.6+0-17.0.6b829.9-10027231, mixed mode, tiered, compressed oops, compressed class ptrs, g1 gc, bsd-aarch64)
GC Precious Log:
 CPUs: 10 total, 10 available
 Memory: 16384M
 Large Page Support: Disabled
 NUMA Support: Disabled
 Compressed Oops: Enabled (Zero based)
 Heap Region Size: 1M
 Heap Min Capacity: 8M
 Heap Initial Capacity: 256M
 Heap Max Capacity: 512M
 Pre-touch: Disabled
 Parallel Workers: 9
 Concurrent Workers: 2
 Concurrent Refinement Workers: 9
 Periodic GC: Disabled
Heap:
 garbage-first heap   total 45056K, used 17799K [0x00000007e0000000, 0x0000000800000000)
  region size 1024K, 7 young (7168K), 2 survivors (2048K)
 Metaspace       used 30367K, committed 30656K, reserved 1081344K
  class space    used 3984K, committed 4096K, reserved 1048576K
GC Heap History (14 events):
Event: 0.364 GC heap before
{Heap before GC invocations=0 (full 0):
 garbage-first heap   total 262144K, used 22528K [0x00000007e0000000, 0x0000000800000000)
  region size 1024K, 23 young (23552K), 0 survivors (0K)
 Metaspace       used 12737K, committed 12864K, reserved 1064960K
  class space    used 1490K, committed 1536K, reserved 1048576K
}
Event: 0.368 GC heap after
{Heap after GC invocations=1 (full 0):
 garbage-first heap   total 262144K, used 9279K [0x00000007e0000000, 0x0000000800000000)
  region size 1024K, 3 young (3072K), 3 survivors (3072K)
 Metaspace       used 12737K, committed 12864K, reserved 1064960K
  class space    used 1490K, committed 1536K, reserved 1048576K
}
Event: 0.693 GC heap before
{Heap before GC invocations=1 (full 0):
 garbage-first heap   total 262144K, used 30783K [0x00000007e0000000, 0x0000000800000000)
  region size 1024K, 23 young (23552K), 3 survivors (3072K)
 Metaspace       used 17787K, committed 17984K, reserved 1064960K
  class space    used 2037K, committed 2112K, reserved 1048576K
}
Event: 0.695 GC heap after
{Heap after GC invocations=2 (full 0):
 garbage-first heap   total 262144K, used 10444K [0x00000007e0000000, 0x0000000800000000)
  region size 1024K, 1 young (1024K), 1 survivors (1024K)
 Metaspace       used 17787K, committed 17984K, reserved 1064960K
  class space    used 2037K, committed 2112K, reserved 1048576K
}
Event: 0.787 GC heap before
{Heap before GC invocations=2 (full 0):
 garbage-first heap   total 262144K, used 33996K [0x00000007e0000000, 0x0000000800000000)
  region size 1024K, 25 young (25600K), 1 survivors (1024K)
 Metaspace       used 21303K, committed 21504K, reserved 1073152K
  class space    used 2515K, committed 2624K, reserved 1048576K
}
Event: 0.788 GC heap after
{Heap after GC invocations=3 (full 0):
 garbage-first heap   total 262144K, used 11097K [0x00000007e0000000, 0x0000000800000000)
  region size 1024K, 2 young (2048K), 2 survivors (2048K)
 Metaspace       used 21303K, committed 21504K, reserved 1073152K
  class space    used 2515K, committed 2624K, reserved 1048576K
}
Event: 0.904 GC heap before
{Heap before GC invocations=4 (full 0):
 garbage-first heap   total 45056K, used 32601K [0x00000007e0000000, 0x0000000800000000)
  region size 1024K, 24 young (24576K), 2 survivors (2048K)
 Metaspace       used 24556K, committed 24704K, reserved 1073152K
  class space    used 3085K, committed 3136K, reserved 1048576K
}
Event: 0.906 GC heap after
{Heap after GC invocations=5 (full 0):
 garbage-first heap   total 45056K, used 12379K [0x00000007e0000000, 0x0000000800000000)
  region size 1024K, 3 young (3072K), 3 survivors (3072K)
 Metaspace       used 24556K, committed 24704K, reserved 1073152K
  class space    used 3085K, committed 3136K, reserved 1048576K
}
Event: 0.912 GC heap before
{Heap before GC invocations=5 (full 0):
 garbage-first heap   total 45056K, used 12379K [0x00000007e0000000, 0x0000000800000000)
  region size 1024K, 4 young (4096K), 3 survivors (3072K)
 Metaspace       used 24751K, committed 24896K, reserved 1073152K
  class space    used 3129K, committed 3200K, reserved 1048576K
}
Event: 0.913 GC heap after
{Heap after GC invocations=6 (full 0):
 garbage-first heap   total 45056K, used 12665K [0x00000007e0000000, 0x0000000800000000)
  region size 1024K, 1 young (1024K), 1 survivors (1024K)
 Metaspace       used 24751K, committed 24896K, reserved 1073152K
  class space    used 3129K, committed 3200K, reserved 1048576K
}
Event: 1.047 GC heap before
{Heap before GC invocations=6 (full 0):
 garbage-first heap   total 45056K, used 30073K [0x00000007e0000000, 0x0000000800000000)
  region size 1024K, 18 young (18432K), 1 survivors (1024K)
 Metaspace       used 27379K, committed 27584K, reserved 1073152K
  class space    used 3605K, committed 3712K, reserved 1048576K
}
Event: 1.047 GC heap after
{Heap after GC invocations=7 (full 0):
 garbage-first heap   total 45056K, used 12834K [0x00000007e0000000, 0x0000000800000000)
  region size 1024K, 1 young (1024K), 1 survivors (1024K)
 Metaspace       used 27379K, committed 27584K, reserved 1073152K
  class space    used 3605K, committed 3712K, reserved 1048576K
}
Event: 1.134 GC heap before
{Heap before GC invocations=7 (full 0):
 garbage-first heap   total 45056K, used 30242K [0x00000007e0000000, 0x0000000800000000)
  region size 1024K, 19 young (19456K), 1 survivors (1024K)
 Metaspace       used 29808K, committed 30016K, reserved 1081344K
  class space    used 3900K, committed 4032K, reserved 1048576K
}
Event: 1.134 GC heap after
{Heap after GC invocations=8 (full 0):
 garbage-first heap   total 45056K, used 13703K [0x00000007e0000000, 0x0000000800000000)
  region size 1024K, 2 young (2048K), 2 survivors (2048K)
 Metaspace       used 29808K, committed 30016K, reserved 1081344K
  class space    used 3900K, committed 4032K, reserved 1048576K
}

