# JRE version: OpenJDK Runtime Environment (17.0.6) (build 17.0.6+0-17.0.6b829.9-10027231)
# Java VM: OpenJDK 64-Bit Server VM (17.0.6+0-17.0.6b829.9-10027231, mixed mode, tiered, compressed oops, compressed class ptrs, g1 gc, bsd-aarch64)
GC Precious Log:
 CPUs: 10 total, 10 available
 Memory: 16384M
 Large Page Support: Disabled
 NUMA Support: Disabled
 Compressed Oops: Enabled (Zero based)
 Heap Region Size: 1M
 Heap Min Capacity: 8M
 Heap Initial Capacity: 256M
 Heap Max Capacity: 512M
 Pre-touch: Disabled
 Parallel Workers: 9
 Concurrent Workers: 2
 Concurrent Refinement Workers: 9
 Periodic GC: Disabled
Heap:
 garbage-first heap   total 40960K, used 22476K [0x00000007e0000000, 0x0000000800000000)
  region size 1024K, 12 young (12288K), 2 survivors (2048K)
 Metaspace       used 30360K, committed 30656K, reserved 1081344K
  class space    used 3979K, committed 4096K, reserved 1048576K
GC Heap History (14 events):
Event: 0.334 GC heap before
{Heap before GC invocations=0 (full 0):
 garbage-first heap   total 262144K, used 22528K [0x00000007e0000000, 0x0000000800000000)
  region size 1024K, 23 young (23552K), 0 survivors (0K)
 Metaspace       used 12372K, committed 12544K, reserved 1064960K
  class space    used 1442K, committed 1536K, reserved 1048576K
}
Event: 0.337 GC heap after
{Heap after GC invocations=1 (full 0):
 garbage-first heap   total 262144K, used 9016K [0x00000007e0000000, 0x0000000800000000)
  region size 1024K, 3 young (3072K), 3 survivors (3072K)
 Metaspace       used 12372K, committed 12544K, reserved 1064960K
  class space    used 1442K, committed 1536K, reserved 1048576K
}
Event: 0.647 GC heap before
{Heap before GC invocations=1 (full 0):
 garbage-first heap   total 262144K, used 29496K [0x00000007e0000000, 0x0000000800000000)
  region size 1024K, 22 young (22528K), 3 survivors (3072K)
 Metaspace       used 17287K, committed 17472K, reserved 1064960K
  class space    used 1964K, committed 2048K, reserved 1048576K
}
Event: 0.649 GC heap after
{Heap after GC invocations=2 (full 0):
 garbage-first heap   total 262144K, used 10136K [0x00000007e0000000, 0x0000000800000000)
  region size 1024K, 2 young (2048K), 2 survivors (2048K)
 Metaspace       used 17287K, committed 17472K, reserved 1064960K
  class space    used 1964K, committed 2048K, reserved 1048576K
}
Event: 0.761 GC heap before
{Heap before GC invocations=2 (full 0):
 garbage-first heap   total 262144K, used 36760K [0x00000007e0000000, 0x0000000800000000)
  region size 1024K, 29 young (29696K), 2 survivors (2048K)
 Metaspace       used 21348K, committed 21504K, reserved 1073152K
  class space    used 2516K, committed 2624K, reserved 1048576K
}
Event: 0.763 GC heap after
{Heap after GC invocations=3 (full 0):
 garbage-first heap   total 262144K, used 10861K [0x00000007e0000000, 0x0000000800000000)
  region size 1024K, 2 young (2048K), 2 survivors (2048K)
 Metaspace       used 21348K, committed 21504K, reserved 1073152K
  class space    used 2516K, committed 2624K, reserved 1048576K
}
Event: 0.868 GC heap before
{Heap before GC invocations=4 (full 0):
 garbage-first heap   total 40960K, used 30317K [0x00000007e0000000, 0x0000000800000000)
  region size 1024K, 22 young (22528K), 2 survivors (2048K)
 Metaspace       used 24390K, committed 24576K, reserved 1073152K
  class space    used 3051K, committed 3136K, reserved 1048576K
}
Event: 0.870 GC heap after
{Heap after GC invocations=5 (full 0):
 garbage-first heap   total 40960K, used 11985K [0x00000007e0000000, 0x0000000800000000)
  region size 1024K, 3 young (3072K), 3 survivors (3072K)
 Metaspace       used 24390K, committed 24576K, reserved 1073152K
  class space    used 3051K, committed 3136K, reserved 1048576K
}
Event: 0.875 GC heap before
{Heap before GC invocations=5 (full 0):
 garbage-first heap   total 40960K, used 13009K [0x00000007e0000000, 0x0000000800000000)
  region size 1024K, 4 young (4096K), 3 survivors (3072K)
 Metaspace       used 24568K, committed 24704K, reserved 1073152K
  class space    used 3086K, committed 3136K, reserved 1048576K
}
Event: 0.877 GC heap after
{Heap after GC invocations=6 (full 0):
 garbage-first heap   total 40960K, used 12206K [0x00000007e0000000, 0x0000000800000000)
  region size 1024K, 1 young (1024K), 1 survivors (1024K)
 Metaspace       used 24568K, committed 24704K, reserved 1073152K
  class space    used 3086K, committed 3136K, reserved 1048576K
}
Event: 0.980 GC heap before
{Heap before GC invocations=6 (full 0):
 garbage-first heap   total 40960K, used 27566K [0x00000007e0000000, 0x0000000800000000)
  region size 1024K, 16 young (16384K), 1 survivors (1024K)
 Metaspace       used 26976K, committed 27200K, reserved 1073152K
  class space    used 3541K, committed 3648K, reserved 1048576K
}
Event: 0.981 GC heap after
{Heap after GC invocations=7 (full 0):
 garbage-first heap   total 40960K, used 12387K [0x00000007e0000000, 0x0000000800000000)
  region size 1024K, 1 young (1024K), 1 survivors (1024K)
 Metaspace       used 26976K, committed 27200K, reserved 1073152K
  class space    used 3541K, committed 3648K, reserved 1048576K
}
Event: 1.075 GC heap before
{Heap before GC invocations=7 (full 0):
 garbage-first heap   total 40960K, used 27747K [0x00000007e0000000, 0x0000000800000000)
  region size 1024K, 17 young (17408K), 1 survivors (1024K)
 Metaspace       used 29117K, committed 29312K, reserved 1081344K
  class space    used 3817K, committed 3904K, reserved 1048576K
}
Event: 1.076 GC heap after
{Heap after GC invocations=8 (full 0):
 garbage-first heap   total 40960K, used 13260K [0x00000007e0000000, 0x0000000800000000)
  region size 1024K, 2 young (2048K), 2 survivors (2048K)
 Metaspace       used 29117K, committed 29312K, reserved 1081344K
  class space    used 3817K, committed 3904K, reserved 1048576K
}

