# JRE version: OpenJDK Runtime Environment (17.0.6) (build 17.0.6+0-17.0.6b829.9-10027231)
# Java VM: OpenJDK 64-Bit Server VM (17.0.6+0-17.0.6b829.9-10027231, mixed mode, tiered, compressed oops, compressed class ptrs, g1 gc, bsd-aarch64)
GC Precious Log:
 CPUs: 10 total, 10 available
 Memory: 16384M
 Large Page Support: Disabled
 NUMA Support: Disabled
 Compressed Oops: Enabled (Zero based)
 Heap Region Size: 1M
 Heap Min Capacity: 8M
 Heap Initial Capacity: 256M
 Heap Max Capacity: 512M
 Pre-touch: Disabled
 Parallel Workers: 9
 Concurrent Workers: 2
 Concurrent Refinement Workers: 9
 Periodic GC: Disabled
Heap:
 garbage-first heap   total 45056K, used 18305K [0x00000007e0000000, 0x0000000800000000)
  region size 1024K, 9 young (9216K), 2 survivors (2048K)
 Metaspace       used 28376K, committed 28608K, reserved 1081344K
  class space    used 3652K, committed 3776K, reserved 1048576K
GC Heap History (12 events):
Event: 0.382 GC heap before
{Heap before GC invocations=0 (full 0):
 garbage-first heap   total 262144K, used 22528K [0x00000007e0000000, 0x0000000800000000)
  region size 1024K, 23 young (23552K), 0 survivors (0K)
 Metaspace       used 12520K, committed 12672K, reserved 1064960K
  class space    used 1459K, committed 1536K, reserved 1048576K
}
Event: 0.385 GC heap after
{Heap after GC invocations=1 (full 0):
 garbage-first heap   total 262144K, used 8970K [0x00000007e0000000, 0x0000000800000000)
  region size 1024K, 3 young (3072K), 3 survivors (3072K)
 Metaspace       used 12520K, committed 12672K, reserved 1064960K
  class space    used 1459K, committed 1536K, reserved 1048576K
}
Event: 0.705 GC heap before
{Heap before GC invocations=1 (full 0):
 garbage-first heap   total 262144K, used 31498K [0x00000007e0000000, 0x0000000800000000)
  region size 1024K, 24 young (24576K), 3 survivors (3072K)
 Metaspace       used 17782K, committed 17984K, reserved 1064960K
  class space    used 2035K, committed 2112K, reserved 1048576K
}
Event: 0.707 GC heap after
{Heap after GC invocations=2 (full 0):
 garbage-first heap   total 262144K, used 10329K [0x00000007e0000000, 0x0000000800000000)
  region size 1024K, 2 young (2048K), 2 survivors (2048K)
 Metaspace       used 17782K, committed 17984K, reserved 1064960K
  class space    used 2035K, committed 2112K, reserved 1048576K
}
Event: 0.808 GC heap before
{Heap before GC invocations=2 (full 0):
 garbage-first heap   total 262144K, used 34905K [0x00000007e0000000, 0x0000000800000000)
  region size 1024K, 27 young (27648K), 2 survivors (2048K)
 Metaspace       used 21343K, committed 21504K, reserved 1073152K
  class space    used 2516K, committed 2624K, reserved 1048576K
}
Event: 0.809 GC heap after
{Heap after GC invocations=3 (full 0):
 garbage-first heap   total 262144K, used 11086K [0x00000007e0000000, 0x0000000800000000)
  region size 1024K, 2 young (2048K), 2 survivors (2048K)
 Metaspace       used 21343K, committed 21504K, reserved 1073152K
  class space    used 2516K, committed 2624K, reserved 1048576K
}
Event: 0.919 GC heap before
{Heap before GC invocations=4 (full 0):
 garbage-first heap   total 45056K, used 32590K [0x00000007e0000000, 0x0000000800000000)
  region size 1024K, 24 young (24576K), 2 survivors (2048K)
 Metaspace       used 24665K, committed 24832K, reserved 1073152K
  class space    used 3110K, committed 3200K, reserved 1048576K
}
Event: 0.920 GC heap after
{Heap after GC invocations=5 (full 0):
 garbage-first heap   total 45056K, used 12191K [0x00000007e0000000, 0x0000000800000000)
  region size 1024K, 3 young (3072K), 3 survivors (3072K)
 Metaspace       used 24665K, committed 24832K, reserved 1073152K
  class space    used 3110K, committed 3200K, reserved 1048576K
}
Event: 0.927 GC heap before
{Heap before GC invocations=5 (full 0):
 garbage-first heap   total 45056K, used 12191K [0x00000007e0000000, 0x0000000800000000)
  region size 1024K, 4 young (4096K), 3 survivors (3072K)
 Metaspace       used 24874K, committed 25024K, reserved 1073152K
  class space    used 3153K, committed 3200K, reserved 1048576K
}
Event: 0.929 GC heap after
{Heap after GC invocations=6 (full 0):
 garbage-first heap   total 45056K, used 12506K [0x00000007e0000000, 0x0000000800000000)
  region size 1024K, 1 young (1024K), 1 survivors (1024K)
 Metaspace       used 24874K, committed 25024K, reserved 1073152K
  class space    used 3153K, committed 3200K, reserved 1048576K
}
Event: 4.512 GC heap before
{Heap before GC invocations=6 (full 0):
 garbage-first heap   total 45056K, used 28890K [0x00000007e0000000, 0x0000000800000000)
  region size 1024K, 18 young (18432K), 1 survivors (1024K)
 Metaspace       used 27509K, committed 27776K, reserved 1073152K
  class space    used 3532K, committed 3648K, reserved 1048576K
}
Event: 4.513 GC heap after
{Heap after GC invocations=7 (full 0):
 garbage-first heap   total 45056K, used 13185K [0x00000007e0000000, 0x0000000800000000)
  region size 1024K, 2 young (2048K), 2 survivors (2048K)
 Metaspace       used 27509K, committed 27776K, reserved 1073152K
  class space    used 3532K, committed 3648K, reserved 1048576K
}

