# JRE version: OpenJDK Runtime Environment (17.0.6) (build 17.0.6+0-17.0.6b829.9-10027231)
# Java VM: OpenJDK 64-Bit Server VM (17.0.6+0-17.0.6b829.9-10027231, mixed mode, tiered, compressed oops, compressed class ptrs, g1 gc, bsd-aarch64)
GC Precious Log:
 CPUs: 10 total, 10 available
 Memory: 16384M
 Large Page Support: Disabled
 NUMA Support: Disabled
 Compressed Oops: Enabled (Zero based)
 Heap Region Size: 1M
 Heap Min Capacity: 8M
 Heap Initial Capacity: 256M
 Heap Max Capacity: 512M
 Pre-touch: Disabled
 Parallel Workers: 9
 Concurrent Workers: 2
 Concurrent Refinement Workers: 9
 Periodic GC: Disabled
Heap:
 garbage-first heap   total 45056K, used 16794K [0x00000007e0000000, 0x0000000800000000)
  region size 1024K, 6 young (6144K), 2 survivors (2048K)
 Metaspace       used 30225K, committed 30464K, reserved 1081344K
  class space    used 3951K, committed 4096K, reserved 1048576K
GC Heap History (14 events):
Event: 0.332 GC heap before
{Heap before GC invocations=0 (full 0):
 garbage-first heap   total 262144K, used 22528K [0x00000007e0000000, 0x0000000800000000)
  region size 1024K, 23 young (23552K), 0 survivors (0K)
 Metaspace       used 12371K, committed 12544K, reserved 1064960K
  class space    used 1442K, committed 1536K, reserved 1048576K
}
Event: 0.335 GC heap after
{Heap after GC invocations=1 (full 0):
 garbage-first heap   total 262144K, used 9378K [0x00000007e0000000, 0x0000000800000000)
  region size 1024K, 3 young (3072K), 3 survivors (3072K)
 Metaspace       used 12371K, committed 12544K, reserved 1064960K
  class space    used 1442K, committed 1536K, reserved 1048576K
}
Event: 0.661 GC heap before
{Heap before GC invocations=1 (full 0):
 garbage-first heap   total 262144K, used 30882K [0x00000007e0000000, 0x0000000800000000)
  region size 1024K, 23 young (23552K), 3 survivors (3072K)
 Metaspace       used 17462K, committed 17600K, reserved 1064960K
  class space    used 1993K, committed 2048K, reserved 1048576K
}
Event: 0.662 GC heap after
{Heap after GC invocations=2 (full 0):
 garbage-first heap   total 262144K, used 10272K [0x00000007e0000000, 0x0000000800000000)
  region size 1024K, 1 young (1024K), 1 survivors (1024K)
 Metaspace       used 17462K, committed 17600K, reserved 1064960K
  class space    used 1993K, committed 2048K, reserved 1048576K
}
Event: 0.798 GC heap before
{Heap before GC invocations=2 (full 0):
 garbage-first heap   total 262144K, used 35872K [0x00000007e0000000, 0x0000000800000000)
  region size 1024K, 27 young (27648K), 1 survivors (1024K)
 Metaspace       used 21296K, committed 21504K, reserved 1073152K
  class space    used 2512K, committed 2624K, reserved 1048576K
}
Event: 0.801 GC heap after
{Heap after GC invocations=3 (full 0):
 garbage-first heap   total 262144K, used 11042K [0x00000007e0000000, 0x0000000800000000)
  region size 1024K, 2 young (2048K), 2 survivors (2048K)
 Metaspace       used 21296K, committed 21504K, reserved 1073152K
  class space    used 2512K, committed 2624K, reserved 1048576K
}
Event: 0.945 GC heap before
{Heap before GC invocations=4 (full 0):
 garbage-first heap   total 45056K, used 32546K [0x00000007e0000000, 0x0000000800000000)
  region size 1024K, 24 young (24576K), 2 survivors (2048K)
 Metaspace       used 24600K, committed 24704K, reserved 1073152K
  class space    used 3095K, committed 3136K, reserved 1048576K
}
Event: 0.946 GC heap after
{Heap after GC invocations=5 (full 0):
 garbage-first heap   total 45056K, used 12269K [0x00000007e0000000, 0x0000000800000000)
  region size 1024K, 3 young (3072K), 3 survivors (3072K)
 Metaspace       used 24600K, committed 24704K, reserved 1073152K
  class space    used 3095K, committed 3136K, reserved 1048576K
}
Event: 0.952 GC heap before
{Heap before GC invocations=5 (full 0):
 garbage-first heap   total 45056K, used 13293K [0x00000007e0000000, 0x0000000800000000)
  region size 1024K, 4 young (4096K), 3 survivors (3072K)
 Metaspace       used 24804K, committed 24960K, reserved 1073152K
  class space    used 3137K, committed 3200K, reserved 1048576K
}
Event: 0.954 GC heap after
{Heap after GC invocations=6 (full 0):
 garbage-first heap   total 45056K, used 12619K [0x00000007e0000000, 0x0000000800000000)
  region size 1024K, 1 young (1024K), 1 survivors (1024K)
 Metaspace       used 24804K, committed 24960K, reserved 1073152K
  class space    used 3137K, committed 3200K, reserved 1048576K
}
Event: 1.088 GC heap before
{Heap before GC invocations=6 (full 0):
 garbage-first heap   total 45056K, used 29003K [0x00000007e0000000, 0x0000000800000000)
  region size 1024K, 18 young (18432K), 1 survivors (1024K)
 Metaspace       used 27393K, committed 27648K, reserved 1073152K
  class space    used 3604K, committed 3712K, reserved 1048576K
}
Event: 1.089 GC heap after
{Heap after GC invocations=7 (full 0):
 garbage-first heap   total 45056K, used 12908K [0x00000007e0000000, 0x0000000800000000)
  region size 1024K, 1 young (1024K), 1 survivors (1024K)
 Metaspace       used 27393K, committed 27648K, reserved 1073152K
  class space    used 3604K, committed 3712K, reserved 1048576K
}
Event: 1.175 GC heap before
{Heap before GC invocations=7 (full 0):
 garbage-first heap   total 45056K, used 30316K [0x00000007e0000000, 0x0000000800000000)
  region size 1024K, 19 young (19456K), 1 survivors (1024K)
 Metaspace       used 29857K, committed 30080K, reserved 1081344K
  class space    used 3903K, committed 4032K, reserved 1048576K
}
Event: 1.176 GC heap after
{Heap after GC invocations=8 (full 0):
 garbage-first heap   total 45056K, used 13722K [0x00000007e0000000, 0x0000000800000000)
  region size 1024K, 2 young (2048K), 2 survivors (2048K)
 Metaspace       used 29857K, committed 30080K, reserved 1081344K
  class space    used 3903K, committed 4032K, reserved 1048576K
}

