# JRE version: OpenJDK Runtime Environment (17.0.6) (build 17.0.6+0-17.0.6b829.9-10027231)
# Java VM: OpenJDK 64-Bit Server VM (17.0.6+0-17.0.6b829.9-10027231, mixed mode, tiered, compressed oops, compressed class ptrs, g1 gc, bsd-aarch64)
GC Precious Log:
 CPUs: 10 total, 10 available
 Memory: 16384M
 Large Page Support: Disabled
 NUMA Support: Disabled
 Compressed Oops: Enabled (Zero based)
 Heap Region Size: 1M
 Heap Min Capacity: 8M
 Heap Initial Capacity: 256M
 Heap Max Capacity: 512M
 Pre-touch: Disabled
 Parallel Workers: 9
 Concurrent Workers: 2
 Concurrent Refinement Workers: 9
 Periodic GC: Disabled
Heap:
 garbage-first heap   total 45056K, used 28998K [0x00000007e0000000, 0x0000000800000000)
  region size 1024K, 19 young (19456K), 1 survivors (1024K)
 Metaspace       used 30188K, committed 30464K, reserved 1081344K
  class space    used 3960K, committed 4096K, reserved 1048576K
GC Heap History (12 events):
Event: 0.385 GC heap before
{Heap before GC invocations=0 (full 0):
 garbage-first heap   total 262144K, used 22528K [0x00000007e0000000, 0x0000000800000000)
  region size 1024K, 23 young (23552K), 0 survivors (0K)
 Metaspace       used 12371K, committed 12544K, reserved 1064960K
  class space    used 1444K, committed 1536K, reserved 1048576K
}
Event: 0.387 GC heap after
{Heap after GC invocations=1 (full 0):
 garbage-first heap   total 262144K, used 9049K [0x00000007e0000000, 0x0000000800000000)
  region size 1024K, 3 young (3072K), 3 survivors (3072K)
 Metaspace       used 12371K, committed 12544K, reserved 1064960K
  class space    used 1444K, committed 1536K, reserved 1048576K
}
Event: 0.716 GC heap before
{Heap before GC invocations=1 (full 0):
 garbage-first heap   total 262144K, used 31577K [0x00000007e0000000, 0x0000000800000000)
  region size 1024K, 24 young (24576K), 3 survivors (3072K)
 Metaspace       used 17705K, committed 17856K, reserved 1064960K
  class space    used 2033K, committed 2112K, reserved 1048576K
}
Event: 0.718 GC heap after
{Heap after GC invocations=2 (full 0):
 garbage-first heap   total 262144K, used 10264K [0x00000007e0000000, 0x0000000800000000)
  region size 1024K, 2 young (2048K), 2 survivors (2048K)
 Metaspace       used 17705K, committed 17856K, reserved 1064960K
  class space    used 2033K, committed 2112K, reserved 1048576K
}
Event: 0.818 GC heap before
{Heap before GC invocations=2 (full 0):
 garbage-first heap   total 262144K, used 35864K [0x00000007e0000000, 0x0000000800000000)
  region size 1024K, 28 young (28672K), 2 survivors (2048K)
 Metaspace       used 21358K, committed 21504K, reserved 1073152K
  class space    used 2518K, committed 2624K, reserved 1048576K
}
Event: 0.819 GC heap after
{Heap after GC invocations=3 (full 0):
 garbage-first heap   total 262144K, used 11302K [0x00000007e0000000, 0x0000000800000000)
  region size 1024K, 3 young (3072K), 3 survivors (3072K)
 Metaspace       used 21358K, committed 21504K, reserved 1073152K
  class space    used 2518K, committed 2624K, reserved 1048576K
}
Event: 0.940 GC heap before
{Heap before GC invocations=4 (full 0):
 garbage-first heap   total 45056K, used 32806K [0x00000007e0000000, 0x0000000800000000)
  region size 1024K, 25 young (25600K), 3 survivors (3072K)
 Metaspace       used 24901K, committed 25088K, reserved 1073152K
  class space    used 3159K, committed 3200K, reserved 1048576K
}
Event: 0.941 GC heap after
{Heap after GC invocations=5 (full 0):
 garbage-first heap   total 45056K, used 12315K [0x00000007e0000000, 0x0000000800000000)
  region size 1024K, 4 young (4096K), 4 survivors (4096K)
 Metaspace       used 24901K, committed 25088K, reserved 1073152K
  class space    used 3159K, committed 3200K, reserved 1048576K
}
Event: 0.946 GC heap before
{Heap before GC invocations=5 (full 0):
 garbage-first heap   total 45056K, used 12315K [0x00000007e0000000, 0x0000000800000000)
  region size 1024K, 5 young (5120K), 4 survivors (4096K)
 Metaspace       used 25065K, committed 25280K, reserved 1073152K
  class space    used 3188K, committed 3264K, reserved 1048576K
}
Event: 0.948 GC heap after
{Heap after GC invocations=6 (full 0):
 garbage-first heap   total 45056K, used 12467K [0x00000007e0000000, 0x0000000800000000)
  region size 1024K, 1 young (1024K), 1 survivors (1024K)
 Metaspace       used 25065K, committed 25280K, reserved 1073152K
  class space    used 3188K, committed 3264K, reserved 1048576K
}
Event: 1.081 GC heap before
{Heap before GC invocations=6 (full 0):
 garbage-first heap   total 45056K, used 29875K [0x00000007e0000000, 0x0000000800000000)
  region size 1024K, 18 young (18432K), 1 survivors (1024K)
 Metaspace       used 27679K, committed 27904K, reserved 1073152K
  class space    used 3639K, committed 3776K, reserved 1048576K
}
Event: 1.081 GC heap after
{Heap after GC invocations=7 (full 0):
 garbage-first heap   total 45056K, used 12614K [0x00000007e0000000, 0x0000000800000000)
  region size 1024K, 1 young (1024K), 1 survivors (1024K)
 Metaspace       used 27679K, committed 27904K, reserved 1073152K
  class space    used 3639K, committed 3776K, reserved 1048576K
}

